<?xml version="1.0" encoding="UTF-8"?>
<!-- Generated by org.testng.reporters.JUnitReportReporter -->
<testsuite hostname="LAPTOP-CGUJBJB4" failures="0" tests="1" name="testpage.Login_test" time="0.013" errors="0" timestamp="2023-02-04T15:33:18 IST" skipped="0">
  <testcase classname="testpage.Login_test" name="gettitle" time="0.013"/>
  <system-out/>
</testsuite> <!-- testpage.Login_test -->
